<?xml version="1.0" encoding="UTF-8"?>
<testsuite xmlns:xsi="http://www.w3.org/2001/XMLSchema-instance" xsi:noNamespaceSchemaLocation="https://maven.apache.org/surefire/maven-surefire-plugin/xsd/surefire-test-report.xsd" name="testExecution.TestRunner" time="34.801" tests="12" errors="0" skipped="0" failures="0">
  <properties>
[...]
</properties>
  <testcase name="User is on Greencart landing page" classname="Search for items and then move to checkout page #1" time="7.731"/>
  <testcase name="User search for Brinjal vegetable" classname="Search for items and then move to checkout page #1" time="3.421"/>
  <testcase name="Added item to cart" classname="Search for items and then move to checkout page #1" time="0.409"/>
  <testcase name="User proceed to checkout page" classname="Search for items and then move to checkout page #1" time="0.268"/>
  <testcase name="Verify selected Brinjal item is displayed on checkout page" classname="Search for items and then move to checkout page #1" time="5.06"/>
  <testcase name="Search for items and then move to checkout page #1" classname="Search for items and then move to checkout page #1" time="5.356"/>
  <testcase name="User is on Greencart landing page" classname="Search for items and then move to checkout page #2" time="5.793"/>
  <testcase name="User search for Beetroot vegetable" classname="Search for items and then move to checkout page #2" time="3.234"/>
  <testcase name="Added item to cart" classname="Search for items and then move to checkout page #2" time="0.524"/>
  <testcase name="User proceed to checkout page" classname="Search for items and then move to checkout page #2" time="0.482"/>
  <testcase name="Verify selected Beetroot item is displayed on checkout page" classname="Search for items and then move to checkout page #2" time="5.076"/>
  <testcase name="Search for items and then move to checkout page #2" classname="Search for items and then move to checkout page #2" time="5.255"/>
</testsuite>